<?xml version="1.0" encoding="UTF-8"?>
<coverage generated="1719002663042" clover="3.2.0">
  <project timestamp="1719002663043" name="All files">
    <metrics statements="25" coveredstatements="16" conditionals="18" coveredconditionals="16" methods="2" coveredmethods="1" elements="45" coveredelements="33" complexity="0" loc="25" ncloc="25" packages="1" files="1" classes="1"/>
    <file name="login.js" path="C:\Users\salva\OneDrive\Documentos\SEPTIMO CICLO -ve por ellos tigre\PRUEBAS DE SOTFWARE\Prueba de ruta basica\Prueba001\Login\login.js">
      <metrics statements="25" coveredstatements="16" conditionals="18" coveredconditionals="16" methods="2" coveredmethods="1"/>
      <line num="2" count="14" type="stmt"/>
      <line num="3" count="14" type="stmt"/>
      <line num="4" count="14" type="stmt"/>
      <line num="5" count="14" type="stmt"/>
      <line num="6" count="14" type="stmt"/>
      <line num="7" count="14" type="stmt"/>
      <line num="8" count="14" type="cond" truecount="2" falsecount="0"/>
      <line num="9" count="14" type="cond" truecount="2" falsecount="0"/>
      <line num="11" count="14" type="cond" truecount="2" falsecount="0"/>
      <line num="12" count="12" type="cond" truecount="2" falsecount="0"/>
      <line num="13" count="11" type="cond" truecount="2" falsecount="0"/>
      <line num="14" count="10" type="cond" truecount="2" falsecount="0"/>
      <line num="15" count="9" type="cond" truecount="2" falsecount="0"/>
      <line num="16" count="8" type="cond" truecount="2" falsecount="0"/>
      <line num="18" count="7" type="stmt"/>
      <line num="23" count="0" type="stmt"/>
      <line num="24" count="0" type="stmt"/>
      <line num="25" count="0" type="stmt"/>
      <line num="27" count="0" type="stmt"/>
      <line num="28" count="0" type="stmt"/>
      <line num="29" count="0" type="cond" truecount="0" falsecount="2"/>
      <line num="30" count="0" type="stmt"/>
      <line num="32" count="0" type="stmt"/>
      <line num="34" count="0" type="stmt"/>
      <line num="37" count="1" type="stmt"/>
    </file>
  </project>
</coverage>
