{"C:\\Users\\salva\\OneDrive\\Documentos\\SEPTIMO CICLO -ve por ellos tigre\\PRUEBAS DE SOTFWARE\\Prueba de ruta basica\\Prueba001\\Login\\login.js": {"path":"C:\\Users\\salva\\OneDrive\\Documentos\\SEPTIMO CICLO -ve por ellos tigre\\PRUEBAS DE SOTFWARE\\Prueba de ruta basica\\Prueba001\\Login\\login.js","statementMap":{"0":{"start":{"line":2,"column":22},"end":{"line":2,"column":23}},"1":{"start":{"line":3,"column":22},"end":{"line":3,"column":24}},"2":{"start":{"line":4,"column":25},"end":{"line":4,"column":44}},"3":{"start":{"line":5,"column":25},"end":{"line":5,"column":44}},"4":{"start":{"line":6,"column":22},"end":{"line":6,"column":41}},"5":{"start":{"line":7,"column":27},"end":{"line":7,"column":63}},"6":{"start":{"line":8,"column":28},"end":{"line":8,"column":82}},"7":{"start":{"line":9,"column":26},"end":{"line":9,"column":70}},"8":{"start":{"line":11,"column":4},"end":{"line":11,"column":109}},"9":{"start":{"line":11,"column":26},"end":{"line":11,"column":109}},"10":{"start":{"line":12,"column":4},"end":{"line":12,"column":106}},"11":{"start":{"line":12,"column":24},"end":{"line":12,"column":106}},"12":{"start":{"line":13,"column":4},"end":{"line":13,"column":114}},"13":{"start":{"line":13,"column":23},"end":{"line":13,"column":114}},"14":{"start":{"line":14,"column":4},"end":{"line":14,"column":114}},"15":{"start":{"line":14,"column":23},"end":{"line":14,"column":114}},"16":{"start":{"line":15,"column":4},"end":{"line":15,"column":101}},"17":{"start":{"line":15,"column":20},"end":{"line":15,"column":101}},"18":{"start":{"line":16,"column":4},"end":{"line":16,"column":117}},"19":{"start":{"line":16,"column":25},"end":{"line":16,"column":117}},"20":{"start":{"line":18,"column":4},"end":{"line":18,"column":59}},"21":{"start":{"line":23,"column":21},"end":{"line":23,"column":62}},"22":{"start":{"line":24,"column":21},"end":{"line":24,"column":62}},"23":{"start":{"line":25,"column":23},"end":{"line":25,"column":46}},"24":{"start":{"line":27,"column":23},"end":{"line":27,"column":57}},"25":{"start":{"line":28,"column":4},"end":{"line":28,"column":48}},"26":{"start":{"line":29,"column":4},"end":{"line":35,"column":5}},"27":{"start":{"line":30,"column":8},"end":{"line":30,"column":41}},"28":{"start":{"line":32,"column":8},"end":{"line":32,"column":49}},"29":{"start":{"line":34,"column":8},"end":{"line":34,"column":39}},"30":{"start":{"line":37,"column":0},"end":{"line":37,"column":35}}},"fnMap":{"0":{"name":"validateLogin","decl":{"start":{"line":1,"column":9},"end":{"line":1,"column":22}},"loc":{"start":{"line":1,"column":30},"end":{"line":19,"column":1}},"line":1},"1":{"name":"handleLogin","decl":{"start":{"line":22,"column":9},"end":{"line":22,"column":20}},"loc":{"start":{"line":22,"column":23},"end":{"line":36,"column":1}},"line":22}},"branchMap":{"0":{"loc":{"start":{"line":8,"column":28},"end":{"line":8,"column":82}},"type":"binary-expr","locations":[{"start":{"line":8,"column":28},"end":{"line":8,"column":53}},{"start":{"line":8,"column":57},"end":{"line":8,"column":82}}],"line":8},"1":{"loc":{"start":{"line":9,"column":27},"end":{"line":9,"column":57}},"type":"binary-expr","locations":[{"start":{"line":9,"column":27},"end":{"line":9,"column":51}},{"start":{"line":9,"column":55},"end":{"line":9,"column":57}}],"line":9},"2":{"loc":{"start":{"line":11,"column":4},"end":{"line":11,"column":109}},"type":"if","locations":[{"start":{"line":11,"column":4},"end":{"line":11,"column":109}},{"start":{},"end":{}}],"line":11},"3":{"loc":{"start":{"line":12,"column":4},"end":{"line":12,"column":106}},"type":"if","locations":[{"start":{"line":12,"column":4},"end":{"line":12,"column":106}},{"start":{},"end":{}}],"line":12},"4":{"loc":{"start":{"line":13,"column":4},"end":{"line":13,"column":114}},"type":"if","locations":[{"start":{"line":13,"column":4},"end":{"line":13,"column":114}},{"start":{},"end":{}}],"line":13},"5":{"loc":{"start":{"line":14,"column":4},"end":{"line":14,"column":114}},"type":"if","locations":[{"start":{"line":14,"column":4},"end":{"line":14,"column":114}},{"start":{},"end":{}}],"line":14},"6":{"loc":{"start":{"line":15,"column":4},"end":{"line":15,"column":101}},"type":"if","locations":[{"start":{"line":15,"column":4},"end":{"line":15,"column":101}},{"start":{},"end":{}}],"line":15},"7":{"loc":{"start":{"line":16,"column":4},"end":{"line":16,"column":117}},"type":"if","locations":[{"start":{"line":16,"column":4},"end":{"line":16,"column":117}},{"start":{},"end":{}}],"line":16},"8":{"loc":{"start":{"line":29,"column":4},"end":{"line":35,"column":5}},"type":"if","locations":[{"start":{"line":29,"column":4},"end":{"line":35,"column":5}},{"start":{"line":33,"column":11},"end":{"line":35,"column":5}}],"line":29}},"s":{"0":14,"1":14,"2":14,"3":14,"4":14,"5":14,"6":14,"7":14,"8":14,"9":2,"10":12,"11":1,"12":11,"13":1,"14":10,"15":1,"16":9,"17":1,"18":8,"19":1,"20":7,"21":0,"22":0,"23":0,"24":0,"25":0,"26":0,"27":0,"28":0,"29":0,"30":1},"f":{"0":14,"1":0},"b":{"0":[14,13],"1":[14,1],"2":[2,12],"3":[1,11],"4":[1,10],"5":[1,9],"6":[1,8],"7":[1,7],"8":[0,0]},"_coverageSchema":"1a1c01bbd47fc00a2c39e90264f33305004495a9","hash":"3a3c0e76cc6fede3151688b581500719f8134fda"}
}
