TN:
SF:login.js
FN:1,validateLogin
FN:22,handleLogin
FNF:2
FNH:1
FNDA:14,validateLogin
FNDA:0,handleLogin
DA:2,14
DA:3,14
DA:4,14
DA:5,14
DA:6,14
DA:7,14
DA:8,14
DA:9,14
DA:11,14
DA:12,12
DA:13,11
DA:14,10
DA:15,9
DA:16,8
DA:18,7
DA:23,0
DA:24,0
DA:25,0
DA:27,0
DA:28,0
DA:29,0
DA:30,0
DA:32,0
DA:34,0
DA:37,1
LF:25
LH:16
BRDA:8,0,0,14
BRDA:8,0,1,13
BRDA:9,1,0,14
BRDA:9,1,1,1
BRDA:11,2,0,2
BRDA:11,2,1,12
BRDA:12,3,0,1
BRDA:12,3,1,11
BRDA:13,4,0,1
BRDA:13,4,1,10
BRDA:14,5,0,1
BRDA:14,5,1,9
BRDA:15,6,0,1
BRDA:15,6,1,8
BRDA:16,7,0,1
BRDA:16,7,1,7
BRDA:29,8,0,0
BRDA:29,8,1,0
BRF:18
BRH:16
end_of_record
