<?xml version="1.0" encoding="UTF-8"?>
<coverage generated="1719001852639" clover="3.2.0">
  <project timestamp="1719001852640" name="All files">
    <metrics statements="20" coveredstatements="19" conditionals="5" coveredconditionals="4" methods="2" coveredmethods="2" elements="27" coveredelements="25" complexity="0" loc="20" ncloc="20" packages="1" files="1" classes="1"/>
    <file name="transacciones.js" path="C:\Users\salva\OneDrive\Documentos\SEPTIMO CICLO -ve por ellos tigre\PRUEBAS DE SOTFWARE\Prueba de ruta basica\Prueba001\CajaNegra\transacciones.js">
      <metrics statements="20" coveredstatements="19" conditionals="5" coveredconditionals="4" methods="2" coveredmethods="2"/>
      <line num="3" count="4" type="stmt"/>
      <line num="4" count="4" type="stmt"/>
      <line num="8" count="4" type="stmt"/>
      <line num="9" count="4" type="stmt"/>
      <line num="11" count="4" type="cond" truecount="4" falsecount="1"/>
      <line num="13" count="1" type="stmt"/>
      <line num="14" count="1" type="stmt"/>
      <line num="15" count="1" type="stmt"/>
      <line num="17" count="1" type="stmt"/>
      <line num="18" count="1" type="stmt"/>
      <line num="19" count="1" type="stmt"/>
      <line num="21" count="1" type="stmt"/>
      <line num="22" count="1" type="stmt"/>
      <line num="23" count="1" type="stmt"/>
      <line num="25" count="1" type="stmt"/>
      <line num="26" count="1" type="stmt"/>
      <line num="27" count="1" type="stmt"/>
      <line num="29" count="0" type="stmt"/>
      <line num="32" count="4" type="stmt"/>
      <line num="35" count="1" type="stmt"/>
    </file>
  </project>
</coverage>
