{"C:\\Users\\salva\\OneDrive\\Documentos\\SEPTIMO CICLO -ve por ellos tigre\\PRUEBAS DE SOTFWARE\\Prueba de ruta basica\\Prueba001\\CajaNegra\\transacciones.js": {"path":"C:\\Users\\salva\\OneDrive\\Documentos\\SEPTIMO CICLO -ve por ellos tigre\\PRUEBAS DE SOTFWARE\\Prueba de ruta basica\\Prueba001\\CajaNegra\\transacciones.js","statementMap":{"0":{"start":{"line":3,"column":2},"end":{"line":3,"column":84}},"1":{"start":{"line":4,"column":2},"end":{"line":4,"column":78}},"2":{"start":{"line":8,"column":22},"end":{"line":8,"column":24}},"3":{"start":{"line":9,"column":16},"end":{"line":9,"column":18}},"4":{"start":{"line":11,"column":2},"end":{"line":30,"column":3}},"5":{"start":{"line":13,"column":6},"end":{"line":13,"column":46}},"6":{"start":{"line":14,"column":6},"end":{"line":14,"column":46}},"7":{"start":{"line":15,"column":6},"end":{"line":15,"column":12}},"8":{"start":{"line":17,"column":6},"end":{"line":17,"column":46}},"9":{"start":{"line":18,"column":6},"end":{"line":18,"column":51}},"10":{"start":{"line":19,"column":6},"end":{"line":19,"column":12}},"11":{"start":{"line":21,"column":6},"end":{"line":21,"column":73}},"12":{"start":{"line":22,"column":6},"end":{"line":22,"column":46}},"13":{"start":{"line":23,"column":6},"end":{"line":23,"column":12}},"14":{"start":{"line":25,"column":6},"end":{"line":25,"column":68}},"15":{"start":{"line":26,"column":6},"end":{"line":26,"column":58}},"16":{"start":{"line":27,"column":6},"end":{"line":27,"column":12}},"17":{"start":{"line":29,"column":6},"end":{"line":29,"column":45}},"18":{"start":{"line":32,"column":2},"end":{"line":32,"column":46}},"19":{"start":{"line":35,"column":0},"end":{"line":35,"column":38}}},"fnMap":{"0":{"name":"enviarCorreo","decl":{"start":{"line":2,"column":9},"end":{"line":2,"column":21}},"loc":{"start":{"line":2,"column":46},"end":{"line":5,"column":1}},"line":2},"1":{"name":"registrarTransaccion","decl":{"start":{"line":7,"column":9},"end":{"line":7,"column":29}},"loc":{"start":{"line":7,"column":43},"end":{"line":33,"column":1}},"line":7}},"branchMap":{"0":{"loc":{"start":{"line":11,"column":2},"end":{"line":30,"column":3}},"type":"switch","locations":[{"start":{"line":12,"column":4},"end":{"line":15,"column":12}},{"start":{"line":16,"column":4},"end":{"line":19,"column":12}},{"start":{"line":20,"column":4},"end":{"line":23,"column":12}},{"start":{"line":24,"column":4},"end":{"line":27,"column":12}},{"start":{"line":28,"column":4},"end":{"line":29,"column":45}}],"line":11}},"s":{"0":4,"1":4,"2":4,"3":4,"4":4,"5":1,"6":1,"7":1,"8":1,"9":1,"10":1,"11":1,"12":1,"13":1,"14":1,"15":1,"16":1,"17":0,"18":4,"19":1},"f":{"0":4,"1":4},"b":{"0":[1,1,1,1,0]},"_coverageSchema":"1a1c01bbd47fc00a2c39e90264f33305004495a9","hash":"2ba99a04b261327edbfdb1d8c8fda16f05a7795b"}
}
